<?xml version="1.0" encoding="UTF-8"?>
<testsuite xmlns:xsi="http://www.w3.org/2001/XMLSchema-instance" xsi:noNamespaceSchemaLocation="https://maven.apache.org/surefire/maven-surefire-plugin/xsd/surefire-test-report-3.0.xsd" version="3.0" name="com.example.kongblog.KongBlogApplicationTests" time="8.923" tests="1" errors="0" skipped="0" failures="0">
  <properties>
[...]
</properties>
  <testcase name="contextLoads" classname="com.example.kongblog.KongBlogApplicationTests" time="2.603">
    <system-out><![CDATA[18:31:41.089 [main] INFO org.springframework.test.context.support.AnnotationConfigContextLoaderUtils -- Could not detect default configuration classes for test class [com.example.kongblog.KongBlogApplicationTests]: KongBlogApplicationTests does not declare any static, non-private, non-final, nested classes annotated with @Configuration.
18:31:41.386 [main] INFO org.springframework.boot.test.context.SpringBootTestContextBootstrapper -- Found @SpringBootConfiguration com.example.kongblog.KongBlogApplication for test class com.example.kongblog.KongBlogApplicationTests

  .   ____          _            __ _ _
 /\\ / ___'_ __ _ _(_)_ __  __ _ \ \ \ \
( ( )\___ | '_ | '_| | '_ \/ _` | \ \ \ \
 \\/  ___)| |_)| | | | | || (_| |  ) ) ) )
  '  |____| .__|_| |_|_| |_\__, | / / / /
 =========|_|==============|___/=/_/_/_/
 :: Spring Boot ::                (v3.2.0)

2023-12-07T18:31:42.251+08:00  INFO 224 --- [           main] c.e.kongblog.KongBlogApplicationTests    : Starting KongBlogApplicationTests using Java 17.0.9 with PID 224 (started by fool in E:\Download2\QQ\KONG)
2023-12-07T18:31:42.255+08:00  INFO 224 --- [           main] c.e.kongblog.KongBlogApplicationTests    : No active profile set, falling back to 1 default profile: "default"
2023-12-07T18:31:43.480+08:00  INFO 224 --- [           main] .s.d.r.c.RepositoryConfigurationDelegate : Multiple Spring Data modules found, entering strict repository configuration mode
2023-12-07T18:31:43.484+08:00  INFO 224 --- [           main] .s.d.r.c.RepositoryConfigurationDelegate : Bootstrapping Spring Data Redis repositories in DEFAULT mode.
2023-12-07T18:31:43.558+08:00  INFO 224 --- [           main] .s.d.r.c.RepositoryConfigurationDelegate : Finished Spring Data repository scanning in 44 ms. Found 0 Redis repository interfaces.
2023-12-07T18:31:46.978+08:00  INFO 224 --- [           main] c.e.kongblog.KongBlogApplicationTests    : Started KongBlogApplicationTests in 5.258 seconds (process running for 7.622)
]]></system-out>
  </testcase>
</testsuite>